<?xml version="1.0" encoding="UTF-8"?>
<!-- Generated by org.testng.reporters.JUnitXMLReporter -->
<testsuite hostname="Admin-PC" ignored="0" name="Default test" tests="5" failures="0" timestamp="21 May 2019 11:13:29 GMT" time="118.21" errors="0">
  <testcase name="Login" time="43.53" classname="NoticeTest.NoticetTest"/>
  <testcase name="addAndverifyNoticeAndCancel" time="21.99" classname="NoticeTest.NoticetTest"/>
  <testcase name="addAndverifyNotice" time="18.43" classname="NoticeTest.NoticetTest"/>
  <testcase name="updateNotice" time="14.754" classname="NoticeTest.NoticetTest"/>
  <testcase name="DeleteNotice" time="18.356" classname="NoticeTest.NoticetTest"/>
</testsuite> <!-- Default test -->
