<?xml version="1.0" encoding="UTF-8"?>
<!-- Generated by org.testng.reporters.JUnitXMLReporter -->
<testsuite hostname="Admin-PC" ignored="0" name="Default test" tests="3" failures="0" timestamp="25 May 2019 10:39:39 GMT" time="86.148" errors="0">
  <testcase name="Login" time="0.009" classname="Register.PaymentRegister"/>
  <testcase name="PayLaterPaymentRegisterpage" time="43.021" classname="Register.PaymentRegister"/>
  <testcase name="PayNowPaymentRegisterpage" time="41.39" classname="Register.PaymentRegister"/>
</testsuite> <!-- Default test -->
