<?xml version="1.0" encoding="UTF-8"?>
<!-- Generated by org.testng.reporters.JUnitXMLReporter -->
<testsuite hostname="Admin-PC" ignored="0" name="Vijay(failed)" tests="2" failures="2" timestamp="04 Jan 2019 06:42:00 GMT" time="26.971" errors="0">
  <testcase name="PatientDataWritest" time="13.817" classname="com.screenshot.FailScreen">
    <failure type="junit.framework.ComparisonFailure" message="expected:&amp;lt;vijugiri88@gmai.com&amp;gt; but was:&amp;lt;&amp;gt;">
      <![CDATA[junit.framework.ComparisonFailure: expected:<vijugiri88@gmai.com> but was:<>
	at junit.framework.Assert.assertEquals(Assert.java:81)
	at junit.framework.Assert.assertEquals(Assert.java:87)
	at com.screenshot.FailScreen.PatientDataWritest(FailScreen.java:64)
... Removed 25 stack frames]]>
    </failure>
  </testcase> <!-- PatientDataWritest -->
  <testcase name="PatientDataWri" time="13.094" classname="Drclinic.PatientData">
    <failure type="junit.framework.ComparisonFailure" message="expected:&amp;lt;vijugiri88@gmai.com&amp;gt; but was:&amp;lt;&amp;gt;">
      <![CDATA[junit.framework.ComparisonFailure: expected:<vijugiri88@gmai.com> but was:<>
	at junit.framework.Assert.assertEquals(Assert.java:81)
	at junit.framework.Assert.assertEquals(Assert.java:87)
	at Drclinic.PatientData.PatientDataWri(PatientData.java:75)
... Removed 25 stack frames]]>
    </failure>
  </testcase> <!-- PatientDataWri -->
</testsuite> <!-- Vijay(failed) -->
