<?xml version="1.0" encoding="UTF-8"?>
<!-- Generated by org.testng.reporters.JUnitXMLReporter -->
<testsuite hostname="Admin-PC" ignored="0" name="AddPatientSetting" tests="8" failures="0" timestamp="29 May 2019 05:14:26 GMT" time="168.249" errors="0">
  <testcase name="Login" time="32.551" classname="Setting.AddPatientSetting"/>
  <testcase name="AddPatientSetting" time="34.454" classname="Setting.AddPatientSetting"/>
  <testcase name="emailSetting" time="12.503" classname="Setting.AddPatientSetting"/>
  <testcase name="TreatmentPropertiesSettingPDFSIGN" time="21.4" classname="Setting.AddPatientSetting"/>
  <testcase name="TreatmentPropertiesSettingFollowup" time="25.12" classname="Setting.AddPatientSetting"/>
  <testcase name="BdaySMSsetting" time="25.793" classname="Setting.AddPatientSetting"/>
  <testcase name="RevertAddPatientSetting" time="16.196" classname="Setting.AddPatientSetting"/>
  <testcase name="close" time="0.15" classname="Setting.AddPatientSetting"/>
</testsuite> <!-- AddPatientSetting -->
