<?xml version="1.0" encoding="UTF-8"?>
<!-- Generated by org.testng.reporters.JUnitXMLReporter -->
<testsuite hostname="Admin-PC" ignored="0" name="AddPatientSetting" tests="7" failures="0" timestamp="25 May 2019 11:22:12 GMT" time="152.48" errors="0">
  <testcase name="Login" time="32.267" classname="Setting.AddPatientSetting"/>
  <testcase name="AddPatientSetting" time="34.815" classname="Setting.AddPatientSetting"/>
  <testcase name="emailSetting" time="12.722" classname="Setting.AddPatientSetting"/>
  <testcase name="TreatmentPropertiesSettingPDFSIGN" time="21.431" classname="Setting.AddPatientSetting"/>
  <testcase name="TreatmentPropertiesSettingFollowup" time="25.447" classname="Setting.AddPatientSetting"/>
  <testcase name="BdaySMSsetting" time="25.44" classname="Setting.AddPatientSetting"/>
  <testcase name="close" time="0.269" classname="Setting.AddPatientSetting"/>
</testsuite> <!-- AddPatientSetting -->
