<?xml version="1.0" encoding="UTF-8"?>
<!-- Generated by org.testng.reporters.JUnitXMLReporter -->
<testsuite hostname="Admin-PC" ignored="0" name="Attendence" tests="10" failures="0" timestamp="29 May 2019 04:32:15 GMT" time="183.138" errors="0">
  <testcase name="Login" time="37.461" classname="Attendence.attendenceOperations"/>
  <testcase name="attendenceMenusandComponents" time="10.986" classname="Attendence.attendenceOperations"/>
  <testcase name="attendenceclockInDaily" time="9.956" classname="Attendence.attendenceOperations"/>
  <testcase name="attendenceMonthly" time="14.553" classname="Attendence.attendenceOperations"/>
  <testcase name="verifyClockInmapWithEmpNAme" time="19.532" classname="Attendence.attendenceOperations"/>
  <testcase name="verifyDeleteInMonthlyattendenc" time="26.239" classname="Attendence.attendenceOperations"/>
  <testcase name="verifyCheckOutmapWithEmpNAme" time="15.186" classname="Attendence.attendenceOperations"/>
  <testcase name="verifyEditFunctionalistofMonthly" time="13.744" classname="Attendence.attendenceOperations"/>
  <testcase name="verifyEditAndUpdateFunctionalistofMonthly" time="34.824" classname="Attendence.attendenceOperations"/>
  <testcase name="closebow" time="0.176" classname="Attendence.attendenceOperations"/>
</testsuite> <!-- Attendence -->
