<?xml version="1.0" encoding="UTF-8"?>
<!-- Generated by org.testng.reporters.JUnitXMLReporter -->
<testsuite hostname="Admin-PC" ignored="0" name="DashBoard1" tests="8" failures="0" timestamp="25 May 2019 11:03:39 GMT" time="73.148" errors="0">
  <testcase name="setup" time="11.724" classname="DashBoard.DashboardComponents"/>
  <testcase name="Login" time="24.49" classname="DashBoard.DashboardComponents"/>
  <testcase name="MenuDisplayedOnDashboard" time="0.645" classname="DashBoard.DashboardComponents"/>
  <testcase name="ComponentDosplayedonDashboard" time="0.082" classname="DashBoard.DashboardComponents"/>
  <testcase name="VerifyDashboardText" time="0.253" classname="DashBoard.DashboardComponents"/>
  <testcase name="ComponentDosplayedonPatientBookingPage" time="12.823" classname="DashBoard.DashboardComponents"/>
  <testcase name="VerifyDashboardMenusDisplayedAndHide" time="12.181" classname="DashBoard.DashboardComponents"/>
  <testcase name="VerifyHelpIconOnDashboard" time="10.218" classname="DashBoard.DashboardComponents"/>
</testsuite> <!-- DashBoard1 -->
