<?xml version="1.0" encoding="UTF-8"?>
<!-- Generated by org.testng.reporters.JUnitXMLReporter -->
<testsuite hostname="Admin-PC" ignored="0" name="DashBoard2" tests="4" failures="0" timestamp="25 May 2019 11:04:48 GMT" time="69.815" errors="0">
  <testcase name="Login" time="32.0" classname="DashBoard.Notification"/>
  <testcase name="verifyComponentsOnNotification" time="11.899" classname="DashBoard.Notification"/>
  <testcase name="OperationsOnNotification" time="13.35" classname="DashBoard.Notification"/>
  <testcase name="OpenNewNotification" time="12.373" classname="DashBoard.Notification"/>
</testsuite> <!-- DashBoard2 -->
