<?xml version="1.0" encoding="UTF-8"?>
<!-- Generated by org.testng.reporters.JUnitXMLReporter -->
<testsuite hostname="Admin-PC" ignored="0" name="DashBoard2" tests="4" failures="0" timestamp="29 May 2019 04:34:42 GMT" time="70.098" errors="0">
  <testcase name="Login" time="33.031" classname="DashBoard.Notification"/>
  <testcase name="verifyComponentsOnNotification" time="13.876" classname="DashBoard.Notification"/>
  <testcase name="OperationsOnNotification" time="12.292" classname="DashBoard.Notification"/>
  <testcase name="OpenNewNotification" time="10.606" classname="DashBoard.Notification"/>
</testsuite> <!-- DashBoard2 -->
