<?xml version="1.0" encoding="UTF-8"?>
<!-- Generated by org.testng.reporters.JUnitXMLReporter -->
<testsuite hostname="Admin-PC" ignored="0" name="DashBoard3" tests="4" failures="0" timestamp="29 May 2019 04:49:47 GMT" time="72.69" errors="0">
  <testcase name="Login" time="34.898" classname="DashBoard.Notification"/>
  <testcase name="verifyComponentsOnNotification" time="14.349" classname="DashBoard.Notification"/>
  <testcase name="OperationsOnNotification" time="12.668" classname="DashBoard.Notification"/>
  <testcase name="OpenNewNotification" time="10.587" classname="DashBoard.Notification"/>
</testsuite> <!-- DashBoard3 -->
