<?xml version="1.0" encoding="UTF-8"?>
<!-- Generated by org.testng.reporters.JUnitXMLReporter -->
<testsuite hostname="Admin-PC" ignored="0" name="Drline" tests="1" failures="1" timestamp="22 May 2019 05:47:19 GMT" time="0.062" errors="0">
  <testcase name="Login" time="0.0" classname="inventoryOFClicnic.Vendor_test">
    <failure type="org.testng.TestNGException" message="
Data Provider public java.lang.Object[][] com.main.BaseClass.loginData() returned a null value">
      <![CDATA[org.testng.TestNGException: 
Data Provider public java.lang.Object[][] com.main.BaseClass.loginData() returned a null value
... Removed 22 stack frames]]>
    </failure>
  </testcase> <!-- Login -->
</testsuite> <!-- Drline -->
