<?xml version="1.0" encoding="UTF-8"?>
<!-- Generated by org.testng.reporters.JUnitXMLReporter -->
<testsuite hostname="Admin-PC" ignored="0" name="Master3" tests="3" failures="0" timestamp="25 May 2019 11:32:26 GMT" time="95.927" errors="0">
  <testcase name="Login" time="35.473" classname="Master.AddBranch"/>
  <testcase name="AddnewBranch" time="49.986" classname="Master.AddBranch"/>
  <testcase name="VerifyAddedBranch" time="10.186" classname="Master.AddBranch"/>
</testsuite> <!-- Master3 -->
