<?xml version="1.0" encoding="UTF-8"?>
<!-- Generated by org.testng.reporters.JUnitXMLReporter -->
<testsuite hostname="Admin-PC" ignored="0" name="Master2" tests="5" failures="0" timestamp="29 May 2019 04:55:49 GMT" time="96.598" errors="0">
  <testcase name="Login" time="32.703" classname="Master.FeesStructure"/>
  <testcase name="AddFeesStructurel" time="17.92" classname="Master.FeesStructure"/>
  <testcase name="verifynewFeesstructure" time="12.073" classname="Master.FeesStructure"/>
  <testcase name="EditnewFeesstructure" time="16.128" classname="Master.FeesStructure"/>
  <testcase name="deletenewFeesstructure" time="17.6" classname="Master.FeesStructure"/>
</testsuite> <!-- Master2 -->
