<?xml version="1.0" encoding="UTF-8"?>
<!-- Generated by org.testng.reporters.JUnitXMLReporter -->
<testsuite hostname="Admin-PC" ignored="0" name="Master1" tests="5" failures="0" timestamp="29 May 2019 04:54:13 GMT" time="92.212" errors="0">
  <testcase name="Login" time="34.114" classname="Master.AddnewRole"/>
  <testcase name="AddNewRol" time="16.014" classname="Master.AddnewRole"/>
  <testcase name="verifyNewAddedRolel" time="10.413" classname="Master.AddnewRole"/>
  <testcase name="EditNewAddedRolel" time="13.846" classname="Master.AddnewRole"/>
  <testcase name="DeleteNewAddedRolel" time="17.522" classname="Master.AddnewRole"/>
</testsuite> <!-- Master1 -->
