<?xml version="1.0" encoding="UTF-8"?>
<!-- Generated by org.testng.reporters.JUnitXMLReporter -->
<testsuite hostname="Admin-PC" ignored="0" name="Master2" tests="5" failures="0" timestamp="25 May 2019 11:30:50 GMT" time="102.263" errors="0">
  <testcase name="Login" time="37.178" classname="Master.FeesStructure"/>
  <testcase name="AddFeesStructurel" time="18.384" classname="Master.FeesStructure"/>
  <testcase name="verifynewFeesstructure" time="12.248" classname="Master.FeesStructure"/>
  <testcase name="EditnewFeesstructure" time="15.662" classname="Master.FeesStructure"/>
  <testcase name="deletenewFeesstructure" time="18.012" classname="Master.FeesStructure"/>
</testsuite> <!-- Master2 -->
