<?xml version="1.0" encoding="UTF-8"?>
<!-- Generated by org.testng.reporters.JUnitXMLReporter -->
<testsuite hostname="Admin-PC" ignored="0" name="Noticeboard" tests="5" failures="0" timestamp="29 May 2019 03:41:27 GMT" time="94.558" errors="0">
  <testcase name="Login" time="31.704" classname="NoticeTest.NoticetTest"/>
  <testcase name="addAndverifyNoticeAndCancel" time="20.989" classname="NoticeTest.NoticetTest"/>
  <testcase name="addAndverifyNotice" time="14.136" classname="NoticeTest.NoticetTest"/>
  <testcase name="updateNotice" time="11.443" classname="NoticeTest.NoticetTest"/>
  <testcase name="DeleteNotice" time="16.168" classname="NoticeTest.NoticetTest"/>
</testsuite> <!-- Noticeboard -->
