<?xml version="1.0" encoding="UTF-8"?>
<!-- Generated by org.testng.reporters.JUnitXMLReporter -->
<testsuite hostname="Admin-PC" ignored="0" name="Noticeboard" tests="5" failures="0" timestamp="15 May 2019 03:59:35 GMT" time="91.9" errors="0">
  <testcase name="Login" time="34.708" classname="NoticeTest.NoticetTest"/>
  <testcase name="addAndverifyNoticeAndCancel" time="18.297" classname="NoticeTest.NoticetTest"/>
  <testcase name="addAndverifyNotice" time="13.303" classname="NoticeTest.NoticetTest"/>
  <testcase name="updateNotice" time="10.977" classname="NoticeTest.NoticetTest"/>
  <testcase name="DeleteNotice" time="14.549" classname="NoticeTest.NoticetTest"/>
</testsuite> <!-- Noticeboard -->
