<?xml version="1.0" encoding="UTF-8"?>
<!-- Generated by org.testng.reporters.JUnitXMLReporter -->
<testsuite hostname="Admin-PC" ignored="0" name="Register" tests="5" failures="0" timestamp="29 May 2019 04:59:30 GMT" time="131.257" errors="0">
  <testcase name="Login" time="0.0" classname="Register.Clinic_AdminDetailsTest"/>
  <testcase name="componentClinic_AdminDetailsStep_1_isDisplayed" time="44.854" classname="Register.Clinic_AdminDetailsTest"/>
  <testcase name="validationClinic_AdminDetailsStep_1_isDisplayed" time="31.498" classname="Register.Clinic_AdminDetailsTest"/>
  <testcase name="componentClinic_AdminDetailsStep_2_isDisplayed" time="29.01" classname="Register.Clinic_AdminDetailsTest"/>
  <testcase name="Register" time="25.364" classname="Register.Clinic_AdminDetailsTest"/>
</testsuite> <!-- Register -->
