<?xml version="1.0" encoding="UTF-8"?>
<!-- Generated by org.testng.reporters.JUnitXMLReporter -->
<testsuite hostname="Admin-PC" ignored="0" name="Register2" tests="4" failures="0" timestamp="29 May 2019 05:01:34 GMT" time="124.033" errors="0">
  <testcase name="Login" time="0.0" classname="Register.ModuleSectionAndBilling"/>
  <testcase name="ComponentDisplayedOnModuleSectionAndBilling" time="34.55" classname="Register.ModuleSectionAndBilling"/>
  <testcase name="PREVOnModuleSectionAndBilling" time="34.903" classname="Register.ModuleSectionAndBilling"/>
  <testcase name="OperationModuleSectionAndBilling" time="54.19" classname="Register.ModuleSectionAndBilling"/>
</testsuite> <!-- Register2 -->
