<?xml version="1.0" encoding="UTF-8"?>
<!-- Generated by org.testng.reporters.JUnitXMLReporter -->
<testsuite hostname="Admin-PC" ignored="0" name="Register6" tests="4" failures="0" timestamp="29 May 2019 05:06:49 GMT" time="144.37" errors="0">
  <testcase name="Login" time="0.0" classname="Register.SMSSettingRegisterPage"/>
  <testcase name="ConfirmDetailPage" time="47.997" classname="Register.SMSSettingRegisterPage"/>
  <testcase name="OperationInSMSSettingRegister" time="53.525" classname="Register.SMSSettingRegisterPage"/>
  <testcase name="SMSSettingRegisterComponentDisplayed" time="42.489" classname="Register.SMSSettingRegisterPage"/>
</testsuite> <!-- Register6 -->
