<?xml version="1.0" encoding="UTF-8"?>
<!-- Generated by org.testng.reporters.JUnitXMLReporter -->
<testsuite hostname="Admin-PC" ignored="0" name="Register4" tests="6" failures="0" timestamp="29 May 2019 05:02:55 GMT" time="80.651" errors="0">
  <testcase name="Login" time="9.858" classname="Register.RegisterPageTest"/>
  <testcase name="ComponentDisplayed" time="1.237" classname="Register.RegisterPageTest"/>
  <testcase name="RegistertestwithoutAnyField" time="6.066" classname="Register.RegisterPageTest"/>
  <testcase name="RegisterErrormessages" time="37.728" classname="Register.RegisterPageTest"/>
  <testcase name="CancelRegister" time="10.354" classname="Register.RegisterPageTest"/>
  <testcase name="Register" time="15.117" classname="Register.RegisterPageTest"/>
</testsuite> <!-- Register4 -->
