<?xml version="1.0" encoding="UTF-8"?>
<!-- Generated by org.testng.reporters.JUnitXMLReporter -->
<testsuite hostname="Admin-PC" ignored="0" name="Register4" tests="6" failures="0" timestamp="25 May 2019 11:38:24 GMT" time="83.191" errors="0">
  <testcase name="Login" time="11.078" classname="Register.RegisterPageTest"/>
  <testcase name="ComponentDisplayed" time="1.181" classname="Register.RegisterPageTest"/>
  <testcase name="RegistertestwithoutAnyField" time="5.999" classname="Register.RegisterPageTest"/>
  <testcase name="RegisterErrormessages" time="39.486" classname="Register.RegisterPageTest"/>
  <testcase name="CancelRegister" time="10.186" classname="Register.RegisterPageTest"/>
  <testcase name="Register" time="14.908" classname="Register.RegisterPageTest"/>
</testsuite> <!-- Register4 -->
