<?xml version="1.0" encoding="UTF-8"?>
<!-- Generated by org.testng.reporters.JUnitXMLReporter -->
<testsuite hostname="Admin-PC" ignored="0" name="Register3" tests="3" failures="0" timestamp="25 May 2019 11:50:00 GMT" time="285.099" errors="0">
  <testcase name="Login" time="0.019" classname="Register.PaymentRegister"/>
  <testcase name="PayLaterPaymentRegisterpage" time="42.827" classname="Register.PaymentRegister"/>
  <testcase name="PayNowPaymentRegisterpage" time="241.981" classname="Register.PaymentRegister"/>
</testsuite> <!-- Register3 -->
