<?xml version="1.0" encoding="UTF-8"?>
<!-- Generated by org.testng.reporters.JUnitXMLReporter -->
<testsuite hostname="Admin-PC" ignored="0" name="Register5" tests="3" failures="0" timestamp="29 May 2019 05:04:25 GMT" time="89.717" errors="0">
  <testcase name="Login" time="0.0" classname="Register.RegisterPaymentmode"/>
  <testcase name="componentsDisplayedonRegisterPaymentmodepage" time="36.038" classname="Register.RegisterPaymentmode"/>
  <testcase name="PREVButtonFunctionality" time="53.414" classname="Register.RegisterPaymentmode"/>
</testsuite> <!-- Register5 -->
