<?xml version="1.0" encoding="UTF-8"?>
<!-- Generated by org.testng.reporters.JUnitXMLReporter -->
<testsuite hostname="Admin-PC" ignored="0" name="Register5" tests="3" failures="0" timestamp="25 May 2019 11:39:51 GMT" time="86.729" errors="0">
  <testcase name="Login" time="0.028" classname="Register.RegisterPaymentmode"/>
  <testcase name="componentsDisplayedonRegisterPaymentmodepage" time="42.087" classname="Register.RegisterPaymentmode"/>
  <testcase name="PREVButtonFunctionality" time="44.253" classname="Register.RegisterPaymentmode"/>
</testsuite> <!-- Register5 -->
