<?xml version="1.0" encoding="UTF-8"?>
<!-- Generated by org.testng.reporters.JUnitXMLReporter -->
<testsuite hostname="Admin-PC" ignored="0" name="Register6" tests="4" failures="0" timestamp="25 May 2019 11:42:23 GMT" time="152.157" errors="0">
  <testcase name="Login" time="0.001" classname="Register.SMSSettingRegisterPage"/>
  <testcase name="ConfirmDetailPage" time="47.48" classname="Register.SMSSettingRegisterPage"/>
  <testcase name="OperationInSMSSettingRegister" time="59.785" classname="Register.SMSSettingRegisterPage"/>
  <testcase name="SMSSettingRegisterComponentDisplayed" time="44.445" classname="Register.SMSSettingRegisterPage"/>
</testsuite> <!-- Register6 -->
