<?xml version="1.0" encoding="UTF-8"?>
<!-- Generated by org.testng.reporters.JUnitXMLReporter -->
<testsuite hostname="Admin-PC" ignored="0" name="test1" tests="4" failures="0" timestamp="29 May 2019 03:36:55 GMT" time="80.968" errors="0">
  <testcase name="Login" time="32.539" classname="inventoryOFClicnic.purchaseOrder"/>
  <testcase name="addVendor" time="0.001" classname="inventoryOFClicnic.purchaseOrder"/>
  <testcase name="Shortage" time="36.216" classname="inventoryOFClicnic.purchaseOrder"/>
  <testcase name="ViewOrderlist" time="11.8" classname="inventoryOFClicnic.purchaseOrder"/>
</testsuite> <!-- test1 -->
