<?xml version="1.0" encoding="UTF-8"?>
<!-- Generated by org.testng.reporters.JUnitXMLReporter -->
<testsuite hostname="Admin-PC" ignored="0" name="test1" tests="4" failures="0" timestamp="15 May 2019 03:58:04 GMT" time="80.843" errors="0">
  <testcase name="Login" time="32.342" classname="inventoryOFClicnic.purchaseOrder"/>
  <testcase name="addVendor" time="0.001" classname="inventoryOFClicnic.purchaseOrder"/>
  <testcase name="Shortage" time="36.856" classname="inventoryOFClicnic.purchaseOrder"/>
  <testcase name="ViewOrderlist" time="11.367" classname="inventoryOFClicnic.purchaseOrder"/>
</testsuite> <!-- test1 -->
