<?xml version="1.0" encoding="UTF-8"?>
<!-- Generated by org.testng.reporters.JUnitXMLReporter -->
<testsuite hostname="Admin-PC" ignored="0" name="test" tests="6" failures="0" timestamp="21 May 2019 11:21:58 GMT" time="111.544" errors="0">
  <testcase name="Login" time="34.301" classname="inventoryOFClicnic.ClinicMedicines"/>
  <testcase name="addmedicine" time="16.158" classname="inventoryOFClicnic.ClinicMedicines"/>
  <testcase name="verifyMedicinenewlyadded" time="10.849" classname="inventoryOFClicnic.ClinicMedicines"/>
  <testcase name="EditMedicinenewlyadded" time="20.759" classname="inventoryOFClicnic.ClinicMedicines"/>
  <testcase name="deleteMedicinenewlyadded" time="13.602" classname="inventoryOFClicnic.ClinicMedicines"/>
  <testcase name="addmedicine1" time="14.758" classname="inventoryOFClicnic.ClinicMedicines"/>
</testsuite> <!-- test -->
