<?xml version="1.0" encoding="UTF-8"?>
<!-- Generated by org.testng.reporters.JUnitXMLReporter -->
<testsuite hostname="Admin-PC" ignored="0" name="Transaction1" tests="5" failures="1" timestamp="25 May 2019 11:14:29 GMT" time="246.456" errors="0">
  <testcase name="Login" time="35.12" classname="Transaction.Handover"/>
  <testcase name="addEmployee" time="110.205" classname="Transaction.Handover"/>
  <testcase name="HandoverOperations" time="57.287" classname="Transaction.Handover"/>
  <testcase name="loginAgain" time="32.499" classname="Transaction.Handover"/>
  <testcase name="verifyhandover" time="10.49" classname="Transaction.Handover">
    <failure type="java.lang.AssertionError" message="expected [true] but found [false]">
      <![CDATA[java.lang.AssertionError: expected [true] but found [false]
at com.Transaction.TransactionView.verifyHandoverHistory(TransactionView.java:320)
at Transaction.Handover.verifyhandover(Handover.java:241)
... Removed 29 stack frames]]>
    </failure>
  </testcase> <!-- verifyhandover -->
</testsuite> <!-- Transaction1 -->
