<?xml version="1.0" encoding="UTF-8"?>
<!-- Generated by org.testng.reporters.JUnitXMLReporter -->
<testsuite hostname="Admin-PC" ignored="0" name="Transaction1" tests="5" failures="0" timestamp="29 May 2019 04:43:05 GMT" time="127.412" errors="0">
  <testcase name="Login" time="34.083" classname="Transaction.Handover"/>
  <testcase name="addEmployee" time="12.264" classname="Transaction.Handover"/>
  <testcase name="HandoverOperations" time="34.087" classname="Transaction.Handover"/>
  <testcase name="loginAgain" time="32.23" classname="Transaction.Handover"/>
  <testcase name="verifyhandover" time="14.158" classname="Transaction.Handover"/>
</testsuite> <!-- Transaction1 -->
