<?xml version="1.0" encoding="UTF-8"?>
<!-- Generated by org.testng.reporters.JUnitXMLReporter -->
<testsuite hostname="Admin-PC" ignored="0" name="Trenment" tests="9" failures="0" timestamp="29 May 2019 04:47:33 GMT" time="267.828" errors="0">
  <testcase name="Login" time="48.135" classname="Trenment.treatmentSettingTest"/>
  <testcase name="HappyFlowFromAddpatientToBilling" time="87.113" classname="Trenment.treatmentSettingTest"/>
  <testcase name="verifyAllCheckboxSelectedProper" time="18.091" classname="Trenment.treatmentSettingTest"/>
  <testcase name="verifyPulsesckboxIsNotSelected" time="14.903" classname="Trenment.treatmentSettingTest"/>
  <testcase name="verifyBloodcheckboxIsNotSelected" time="17.891" classname="Trenment.treatmentSettingTest"/>
  <testcase name="verifyTempCheckboxIsNotSelected" time="17.028" classname="Trenment.treatmentSettingTest"/>
  <testcase name="verifyR_RCheckboxIsNotSelected" time="13.938" classname="Trenment.treatmentSettingTest"/>
  <testcase name="verifyK_C_O_CheckboxisNotSelected" time="16.986" classname="Trenment.treatmentSettingTest"/>
  <testcase name="verifyCancaelButton" time="32.381" classname="Trenment.treatmentSettingTest"/>
</testsuite> <!-- Trenment -->
