<?xml version="1.0" encoding="UTF-8"?>
<testng-results skipped="0" failed="0" ignored="0" total="1" passed="1">
  <reporter-output>
  </reporter-output>
  <suite name="Default suite" duration-ms="19742" started-at="2019-05-21T11:39:07Z" finished-at="2019-05-21T11:39:27Z">
    <groups>
    </groups>
    <test name="Default test" duration-ms="19742" started-at="2019-05-21T11:39:07Z" finished-at="2019-05-21T11:39:27Z">
      <class name="com.test.AddPatientData">
        <test-method status="PASS" signature="setup()[pri:0, instance:com.test.AddPatientData@13eb8acf]" name="setup" is-config="true" duration-ms="10582" started-at="2019-05-21T11:39:07Z" finished-at="2019-05-21T11:39:18Z">
          <reporter-output>
          </reporter-output>
        </test-method> <!-- setup -->
        <test-method status="PASS" signature="AddData(java.lang.String, java.lang.String, java.lang.String, java.lang.String, java.lang.String)[pri:1, instance:com.test.AddPatientData@13eb8acf]" name="AddData" duration-ms="7852" started-at="2019-05-21T11:39:19Z" data-provider="patientData" finished-at="2019-05-21T11:39:27Z">
          <params>
            <param index="0">
              <value>
                <![CDATA[1]]>
              </value>
            </param>
            <param index="1">
              <value>
                <![CDATA[135]]>
              </value>
            </param>
            <param index="2">
              <value>
                <![CDATA[137]]>
              </value>
            </param>
            <param index="3">
              <value>
                <![CDATA[kaustubh babar]]>
              </value>
            </param>
            <param index="4">
              <value>
                <![CDATA[]]>
              </value>
            </param>
          </params>
          <reporter-output>
          </reporter-output>
        </test-method> <!-- AddData -->
      </class> <!-- com.test.AddPatientData -->
    </test> <!-- Default test -->
  </suite> <!-- Default suite -->
</testng-results>
