<?xml version="1.0" encoding="UTF-8"?>
<testng-results skipped="0" failed="0" ignored="0" total="3" passed="3">
  <reporter-output>
  </reporter-output>
  <suite name="Default suite" duration-ms="86148" started-at="2019-05-25T10:38:13Z" finished-at="2019-05-25T10:39:39Z">
    <groups>
    </groups>
    <test name="Default test" duration-ms="86148" started-at="2019-05-25T10:38:13Z" finished-at="2019-05-25T10:39:39Z">
      <class name="Register.PaymentRegister">
        <test-method status="PASS" signature="Login(java.lang.String, java.lang.String, java.lang.String)[pri:-11, instance:Register.PaymentRegister@747edf66]" name="Login" duration-ms="9" started-at="2019-05-25T10:38:14Z" data-provider="inputData" finished-at="2019-05-25T10:38:14Z">
          <params>
            <param index="0">
              <value>
                <![CDATA[http://demo.drline.in/drline-webapp-demo/]]>
              </value>
            </param>
            <param index="1">
              <value>
                <![CDATA[8888085560]]>
              </value>
            </param>
            <param index="2">
              <value>
                <![CDATA[12345]]>
              </value>
            </param>
          </params>
          <reporter-output>
          </reporter-output>
        </test-method> <!-- Login -->
        <test-method status="PASS" signature="PayLaterPaymentRegisterpage(java.lang.String, java.lang.String, java.lang.String, java.lang.String, java.lang.String, java.lang.String, java.lang.String, java.lang.String, java.lang.String, java.lang.String, java.lang.String)[pri:1, instance:Register.PaymentRegister@747edf66]" name="PayLaterPaymentRegisterpage" duration-ms="43021" started-at="2019-05-25T10:38:14Z" data-provider="CompleteRegister" finished-at="2019-05-25T10:38:57Z">
          <params>
            <param index="0">
              <value>
                <![CDATA[GiriRaj Clinic]]>
              </value>
            </param>
            <param index="1">
              <value>
                <![CDATA[Vijay]]>
              </value>
            </param>
            <param index="2">
              <value>
                <![CDATA[Giri]]>
              </value>
            </param>
            <param index="3">
              <value>
                <![CDATA[doctospekdemo@gmail.com]]>
              </value>
            </param>
            <param index="4">
              <value>
                <![CDATA[1234867890]]>
              </value>
            </param>
            <param index="5">
              <value>
                <![CDATA[Maharashtra]]>
              </value>
            </param>
            <param index="6">
              <value>
                <![CDATA[Nanded]]>
              </value>
            </param>
            <param index="7">
              <value>
                <![CDATA[Loha]]>
              </value>
            </param>
            <param index="8">
              <value>
                <![CDATA[Atpost telki tq loha dist nanded ]]>
              </value>
            </param>
            <param index="9">
              <value>
                <![CDATA[INDIVIDUAL]]>
              </value>
            </param>
            <param index="10">
              <value>
                <![CDATA[9405408644]]>
              </value>
            </param>
          </params>
          <reporter-output>
          </reporter-output>
        </test-method> <!-- PayLaterPaymentRegisterpage -->
        <test-method status="PASS" signature="PayNowPaymentRegisterpage(java.lang.String, java.lang.String, java.lang.String, java.lang.String, java.lang.String, java.lang.String, java.lang.String, java.lang.String, java.lang.String, java.lang.String, java.lang.String)[pri:2, instance:Register.PaymentRegister@747edf66]" name="PayNowPaymentRegisterpage" duration-ms="41390" started-at="2019-05-25T10:38:57Z" data-provider="CompleteRegister" finished-at="2019-05-25T10:39:39Z">
          <params>
            <param index="0">
              <value>
                <![CDATA[GiriRaj Clinic]]>
              </value>
            </param>
            <param index="1">
              <value>
                <![CDATA[Vijay]]>
              </value>
            </param>
            <param index="2">
              <value>
                <![CDATA[Giri]]>
              </value>
            </param>
            <param index="3">
              <value>
                <![CDATA[doctospekdemo@gmail.com]]>
              </value>
            </param>
            <param index="4">
              <value>
                <![CDATA[1234867890]]>
              </value>
            </param>
            <param index="5">
              <value>
                <![CDATA[Maharashtra]]>
              </value>
            </param>
            <param index="6">
              <value>
                <![CDATA[Nanded]]>
              </value>
            </param>
            <param index="7">
              <value>
                <![CDATA[Loha]]>
              </value>
            </param>
            <param index="8">
              <value>
                <![CDATA[Atpost telki tq loha dist nanded ]]>
              </value>
            </param>
            <param index="9">
              <value>
                <![CDATA[INDIVIDUAL]]>
              </value>
            </param>
            <param index="10">
              <value>
                <![CDATA[9405408644]]>
              </value>
            </param>
          </params>
          <reporter-output>
          </reporter-output>
        </test-method> <!-- PayNowPaymentRegisterpage -->
      </class> <!-- Register.PaymentRegister -->
    </test> <!-- Default test -->
  </suite> <!-- Default suite -->
</testng-results>
